#
# An unexpected error has been detected by Java Runtime Environment:
#
#  Internal Error (nmethod.cpp:1707), pid=924, tid=2504
#  Error: guarantee(cont_offset != 0,"unhandled implicit exception in compiled code")
#
# Java VM: Java HotSpot(TM) Client VM (10.0-b19 mixed mode windows-x86)
# If you would like to submit a bug report, please visit:
#   http://java.sun.com/webapps/bugreport/crash.jsp
#

---------------  T H R E A D  ---------------

Current thread (0x05362800):  JavaThread "AWT-EventQueue-0" [_thread_in_Java, id=2504, stack(0x0a480000,0x0a500000)]

Stack: [0x0a480000,0x0a500000]

[error occurred during error reporting (printing native stack), id 0xe0000000]


---------------  P R O C E S S  ---------------

Java Threads: ( => current thread )
  0x09952000 JavaThread "Thread-468" [_thread_blocked, id=2604, stack(0x0ac80000,0x0ad00000)]
  0x0936bc00 JavaThread "Thread-441" [_thread_blocked, id=3476, stack(0x0ac00000,0x0ac80000)]
  0x09bcf800 JavaThread "Thread-45" [_thread_blocked, id=216, stack(0x0b8e0000,0x0b960000)]
  0x09488800 JavaThread "Prefs Updater" [_thread_blocked, id=3316, stack(0x0dd90000,0x0de10000)]
  0x093e3000 JavaThread "Active Reference Queue Daemon" daemon [_thread_blocked, id=2992, stack(0x0bac0000,0x0bb40000)]
  0x099b7400 JavaThread "Timer-5" daemon [_thread_blocked, id=2968, stack(0x0ba40000,0x0bac0000)]
  0x09947800 JavaThread "Timer-4" daemon [_thread_blocked, id=3168, stack(0x0b970000,0x0b9f0000)]
  0x09797800 JavaThread "Timer-1" [_thread_blocked, id=1396, stack(0x0a850000,0x0a8d0000)]
  0x0534d000 JavaThread "TimerQueue" daemon [_thread_blocked, id=2056, stack(0x0a520000,0x0a5a0000)]
=>0x05362800 JavaThread "AWT-EventQueue-0" [_thread_in_Java, id=2504, stack(0x0a480000,0x0a500000)]
  0x0947d400 JavaThread "AWT-Shutdown" [_thread_blocked, id=3548, stack(0x0a400000,0x0a480000)]
  0x096c9800 JavaThread "Timer-0" [_thread_blocked, id=3176, stack(0x09ec0000,0x09f40000)]
  0x09684c00 JavaThread "AWT-Windows" daemon [_thread_in_native, id=3048, stack(0x09e10000,0x09e90000)]
  0x09597800 JavaThread "Java2D Disposer" daemon [_thread_blocked, id=3036, stack(0x09d10000,0x09d90000)]
  0x05396800 JavaThread "JMI Unnamed Thread" [_thread_in_native, id=2120, stack(0x03050000,0x03850000)]
  0x05346800 JavaThread "Low Memory Detector" daemon [_thread_blocked, id=1756, stack(0x08690000,0x08710000)]
  0x05341400 JavaThread "CompilerThread0" daemon [_thread_blocked, id=2656, stack(0x07e90000,0x08690000)]
  0x05340400 JavaThread "Attach Listener" daemon [_thread_blocked, id=3356, stack(0x07e10000,0x07e90000)]
  0x05332400 JavaThread "Finalizer" daemon [_thread_blocked, id=1116, stack(0x07d90000,0x07e10000)]
  0x0532e000 JavaThread "Reference Handler" daemon [_thread_blocked, id=2408, stack(0x07d10000,0x07d90000)]
  0x050cf400 JavaThread "main" [_thread_in_native, id=1632, stack(0x00430000,0x00c30000)]

Other Threads:
  0x05329400 VMThread [stack: 0x07510000,0x07d10000] [id=2396]
  0x05350800 WatcherThread [stack: 0x08710000,0x08f10000] [id=2624]

VM state:not at safepoint (normal execution)

VM Mutex/Monitor currently owned by a thread: None

Heap
 def new generation   total 20672K, used 646K [0x10010000, 0x11670000, 0x12010000)
  eden space 18432K,   2% used [0x10010000, 0x1007c8a8, 0x11210000)
  from space 2240K,   9% used [0x11440000, 0x11475170, 0x11670000)
  to   space 2240K,   0% used [0x11210000, 0x11210000, 0x11440000)
 tenured generation   total 68440K, used 46356K [0x12010000, 0x162e6000, 0x18010000)
   the space 68440K,  67% used [0x12010000, 0x14d55108, 0x14d55200, 0x162e6000)
 compacting perm gen  total 32768K, used 32568K [0x18010000, 0x1a010000, 0x1c010000)
   the space 32768K,  99% used [0x18010000, 0x19fde330, 0x19fde400, 0x1a010000)
No shared spaces configured.

Dynamic libraries:
0x00400000 - 0x0042f000 	C:\Archivos de programa\MATLAB\R2009a\bin\win32\MATLAB.exe
0x7c910000 - 0x7c9c8000 	C:\WINDOWS\system32\ntdll.dll
0x7c800000 - 0x7c903000 	C:\WINDOWS\system32\kernel32.dll
0x7b280000 - 0x7b34a000 	C:\Archivos de programa\MATLAB\R2009a\bin\win32\libut.dll
0x76c50000 - 0x76c78000 	C:\WINDOWS\system32\imagehlp.dll
0x77be0000 - 0x77c38000 	C:\WINDOWS\system32\msvcrt.dll
0x76bb0000 - 0x76bbb000 	C:\WINDOWS\system32\PSAPI.DLL
0x7bba0000 - 0x7bbbf000 	C:\Archivos de programa\MATLAB\R2009a\bin\win32\LIBEXPAT.dll
0x78130000 - 0x781cb000 	C:\WINDOWS\WinSxS\x86_Microsoft.VC80.CRT_1fc8b3b9a1e18e3b_8.0.50727.4053_x-ww_e6967989\MSVCR80.dll
0x7b6b0000 - 0x7b791000 	C:\Archivos de programa\MATLAB\R2009a\bin\win32\icuuc38.dll
0x77da0000 - 0x77e4c000 	C:\WINDOWS\system32\ADVAPI32.dll
0x77e50000 - 0x77ee2000 	C:\WINDOWS\system32\RPCRT4.dll
0x77fc0000 - 0x77fd1000 	C:\WINDOWS\system32\Secur32.dll
0x7ad90000 - 0x7ad94000 	C:\Archivos de programa\MATLAB\R2009a\bin\win32\icudt38.dll
0x7ada0000 - 0x7adac000 	C:\Archivos de programa\MATLAB\R2009a\bin\win32\icuio38.dll
0x7afe0000 - 0x7b0c4000 	C:\Archivos de programa\MATLAB\R2009a\bin\win32\icuin38.dll
0x7c420000 - 0x7c4a7000 	C:\WINDOWS\WinSxS\x86_Microsoft.VC80.CRT_1fc8b3b9a1e18e3b_8.0.50727.4053_x-ww_e6967989\MSVCP80.dll
0x7e390000 - 0x7e41f000 	C:\WINDOWS\system32\USER32.dll
0x77ef0000 - 0x77f39000 	C:\WINDOWS\system32\GDI32.dll
0x782e0000 - 0x78317000 	C:\Archivos de programa\MATLAB\R2009a\bin\win32\libmwfl.dll
0x10000000 - 0x1000e000 	C:\Archivos de programa\MATLAB\R2009a\bin\win32\boost_date_time-vc80-mt-1_36.dll
0x00300000 - 0x00310000 	C:\Archivos de programa\MATLAB\R2009a\bin\win32\boost_signals-vc80-mt-1_36.dll
0x00320000 - 0x00327000 	C:\Archivos de programa\MATLAB\R2009a\bin\win32\boost_system-vc80-mt-1_36.dll
0x00340000 - 0x0034c000 	C:\Archivos de programa\MATLAB\R2009a\bin\win32\boost_thread-vc80-mt-1_36.dll
0x7b3b0000 - 0x7b59a000 	C:\Archivos de programa\MATLAB\R2009a\bin\win32\libmwservices.dll
0x7b350000 - 0x7b3aa000 	C:\Archivos de programa\MATLAB\R2009a\bin\win32\libmx.dll
0x787a0000 - 0x787b3000 	C:\Archivos de programa\MATLAB\R2009a\bin\win32\zlib1.dll
0x7b5a0000 - 0x7b6af000 	C:\Archivos de programa\MATLAB\R2009a\bin\win32\libmwmathutil.dll
0x79510000 - 0x79543000 	C:\Archivos de programa\MATLAB\R2009a\bin\win32\mpath.dll
0x003a0000 - 0x003cf000 	C:\Archivos de programa\MATLAB\R2009a\bin\win32\mlutil.dll
0x00c30000 - 0x00c69000 	C:\Archivos de programa\MATLAB\R2009a\bin\win32\tbb.dll
0x71950000 - 0x71ac0000 	C:\WINDOWS\system32\COMCTL32.dll
0x00c70000 - 0x00d0d000 	C:\WINDOWS\system32\SHLWAPI.dll
0x76360000 - 0x763aa000 	C:\WINDOWS\system32\comdlg32.dll
0x7e6a0000 - 0x7eec1000 	C:\WINDOWS\system32\SHELL32.dll
0x00d10000 - 0x00d65000 	C:\WINDOWS\system32\NETAPI32.dll
0x003e0000 - 0x003f7000 	C:\WINDOWS\system32\WS2_32.dll
0x00d70000 - 0x00d78000 	C:\WINDOWS\system32\WS2HELP.dll
0x79a80000 - 0x79ad3000 	C:\Archivos de programa\MATLAB\R2009a\bin\win32\mcr.dll
0x7adb0000 - 0x7adeb000 	C:\Archivos de programa\MATLAB\R2009a\bin\win32\iqm.dll
0x7a080000 - 0x7a558000 	C:\Archivos de programa\MATLAB\R2009a\bin\win32\m_interpreter.dll
0x7ae00000 - 0x7ae0c000 	C:\Archivos de programa\MATLAB\R2009a\bin\win32\libmex.dll
0x79960000 - 0x799b7000 	C:\Archivos de programa\MATLAB\R2009a\bin\win32\m_dispatcher.dll
0x78670000 - 0x7868c000 	C:\Archivos de programa\MATLAB\R2009a\bin\win32\datasvcs.dll
0x78df0000 - 0x78fb2000 	C:\Archivos de programa\MATLAB\R2009a\bin\win32\xerces-c_2_7.dll
0x00df0000 - 0x00e8d000 	C:\Archivos de programa\MATLAB\R2009a\bin\win32\boost_regex-vc80-mt-1_36.dll
0x79870000 - 0x798c7000 	C:\Archivos de programa\MATLAB\R2009a\bin\win32\profiler.dll
0x7ae60000 - 0x7ae7e000 	C:\Archivos de programa\MATLAB\R2009a\bin\win32\libmwmathrng.dll
0x78720000 - 0x78732000 	C:\Archivos de programa\MATLAB\R2009a\bin\win32\m_pcodeio.dll
0x794d0000 - 0x79507000 	C:\Archivos de programa\MATLAB\R2009a\bin\win32\m_ir.dll
0x79b60000 - 0x7a077000 	C:\Archivos de programa\MATLAB\R2009a\bin\win32\m_parser.dll
0x7adf0000 - 0x7adfe000 	C:\Archivos de programa\MATLAB\R2009a\bin\win32\ir_xfmr.dll
0x78320000 - 0x78468000 	C:\Archivos de programa\MATLAB\R2009a\bin\win32\mcos.dll
0x7aea0000 - 0x7aeaa000 	C:\Archivos de programa\MATLAB\R2009a\bin\win32\mtok.dll
0x78700000 - 0x78716000 	C:\Archivos de programa\MATLAB\R2009a\bin\win32\m_pcodegen.dll
0x78650000 - 0x7866b000 	C:\Archivos de programa\MATLAB\R2009a\bin\win32\bridge.dll
0x7aae0000 - 0x7ab64000 	C:\Archivos de programa\MATLAB\R2009a\bin\win32\udd.dll
0x7b7a0000 - 0x7b89b000 	C:\Archivos de programa\MATLAB\R2009a\bin\win32\libmwgui.dll
0x78800000 - 0x789f1000 	C:\Archivos de programa\MATLAB\R2009a\bin\win32\hg.dll
0x78690000 - 0x786b2000 	C:\Archivos de programa\MATLAB\R2009a\bin\win32\libmat.dll
0x7b0d0000 - 0x7b275000 	C:\Archivos de programa\MATLAB\R2009a\bin\win32\libhdf5.dll
0x793e0000 - 0x7941e000 	C:\Archivos de programa\MATLAB\R2009a\bin\win32\jmi.dll
0x790f0000 - 0x7911c000 	C:\Archivos de programa\MATLAB\R2009a\bin\win32\libmwhardcopy.dll
0x79490000 - 0x794c7000 	C:\Archivos de programa\MATLAB\R2009a\bin\win32\libuij.dll
0x78d50000 - 0x78de5000 	C:\Archivos de programa\MATLAB\R2009a\bin\win32\libmwmathlinalg.dll
0x78a60000 - 0x78d42000 	C:\Archivos de programa\MATLAB\R2009a\bin\win32\libmwmathelem.dll
0x78a00000 - 0x78a52000 	C:\Archivos de programa\MATLAB\R2009a\bin\win32\libmwmathcore.dll
0x798d0000 - 0x79917000 	C:\Archivos de programa\MATLAB\R2009a\bin\win32\libmwcholmod.dll
0x7ae10000 - 0x7ae1a000 	C:\Archivos de programa\MATLAB\R2009a\bin\win32\libmwamd.dll
0x7ae40000 - 0x7ae49000 	C:\Archivos de programa\MATLAB\R2009a\bin\win32\libmwcolamd.dll
0x7ae30000 - 0x7ae3d000 	C:\Archivos de programa\MATLAB\R2009a\bin\win32\libmwblas.dll
0x7ae20000 - 0x7ae2c000 	C:\Archivos de programa\MATLAB\R2009a\bin\win32\libmwbinder.dll
0x786c0000 - 0x786f8000 	C:\Archivos de programa\MATLAB\R2009a\bin\win32\libmwlapack.dll
0x01050000 - 0x01085000 	C:\Archivos de programa\MATLAB\R2009a\bin\win32\libmwrookfastbp.dll
0x79120000 - 0x7915c000 	C:\Archivos de programa\MATLAB\R2009a\bin\win32\libmwma57.dll
0x7aef0000 - 0x7afd9000 	C:\Archivos de programa\MATLAB\R2009a\bin\win32\libifcoremd.dll
0x79550000 - 0x79813000 	C:\Archivos de programa\MATLAB\R2009a\bin\win32\libmmd.dll
0x7ae50000 - 0x7ae5c000 	C:\Archivos de programa\MATLAB\R2009a\bin\win32\libmwcsparse.dll
0x79a20000 - 0x79a73000 	C:\Archivos de programa\MATLAB\R2009a\bin\win32\libmwumfpack.dll
0x010d0000 - 0x01177000 	C:\Archivos de programa\MATLAB\R2009a\bin\win32\hgdatatypes.dll
0x7ab70000 - 0x7ad89000 	C:\Archivos de programa\MATLAB\R2009a\bin\win32\uiw.dll
0x7aee0000 - 0x7aee9000 	C:\Archivos de programa\MATLAB\R2009a\bin\win32\uinone.dll
0x781d0000 - 0x782e0000 	C:\WINDOWS\WinSxS\x86_Microsoft.VC80.MFC_1fc8b3b9a1e18e3b_8.0.50727.4053_x-ww_b77cec8e\MFC80.DLL
0x72f80000 - 0x72fa6000 	C:\WINDOWS\system32\WINSPOOL.DRV
0x774b0000 - 0x775ed000 	C:\WINDOWS\system32\ole32.dll
0x770f0000 - 0x7717b000 	C:\WINDOWS\system32\OLEAUT32.dll
0x79ae0000 - 0x79b55000 	C:\Archivos de programa\MATLAB\R2009a\bin\win32\udd_mi.dll
0x78740000 - 0x78753000 	C:\Archivos de programa\MATLAB\R2009a\bin\win32\mwoles05.DLL
0x79820000 - 0x79864000 	C:\Archivos de programa\MATLAB\R2009a\bin\win32\comcli.dll
0x7c630000 - 0x7c64b000 	C:\WINDOWS\WinSxS\x86_Microsoft.VC80.ATL_1fc8b3b9a1e18e3b_8.0.50727.4053_x-ww_473666fd\ATL80.DLL
0x7ae90000 - 0x7ae9b000 	C:\Archivos de programa\MATLAB\R2009a\bin\win32\mlautoregister.dll
0x76340000 - 0x7635d000 	C:\WINDOWS\system32\IMM32.DLL
0x773a0000 - 0x774a3000 	C:\WINDOWS\WinSxS\x86_Microsoft.Windows.Common-Controls_6595b64144ccf1df_6.0.2600.5512_x-ww_35d4ce83\comctl32.dll
0x02790000 - 0x0279f000 	C:\WINDOWS\WinSxS\x86_Microsoft.VC80.MFCLOC_1fc8b3b9a1e18e3b_8.0.50727.762_x-ww_91481303\MFC80ESP.DLL
0x746b0000 - 0x746fc000 	C:\WINDOWS\system32\MSCTF.dll
0x75160000 - 0x7518e000 	C:\WINDOWS\system32\msctfime.ime
0x76f90000 - 0x7700f000 	C:\WINDOWS\system32\CLBCATQ.DLL
0x77010000 - 0x770e0000 	C:\WINDOWS\system32\COMRes.dll
0x77bd0000 - 0x77bd8000 	C:\WINDOWS\system32\VERSION.dll
0x76d20000 - 0x76d39000 	C:\WINDOWS\system32\iphlpapi.dll
0x74210000 - 0x74214000 	C:\WINDOWS\system32\icmp.Dll
0x79190000 - 0x793e0000 	C:\Archivos de programa\MATLAB\R2009a\sys\java\jre\win32\jre\bin\client\jvm.dll
0x76b00000 - 0x76b2e000 	C:\WINDOWS\system32\WINMM.dll
0x05060000 - 0x050b6000 	C:\Archivos de programa\MATLAB\R2009a\bin\win32\MSVCR71.dll
0x050d0000 - 0x05171000 	C:\WINDOWS\system32\DBGHELP.dll
0x79920000 - 0x79928000 	C:\Archivos de programa\MATLAB\R2009a\sys\java\jre\win32\jre\bin\hpi.dll
0x79940000 - 0x7994c000 	C:\Archivos de programa\MATLAB\R2009a\sys\java\jre\win32\jre\bin\verify.dll
0x787c0000 - 0x787df000 	C:\Archivos de programa\MATLAB\R2009a\sys\java\jre\win32\jre\bin\java.dll
0x79950000 - 0x7995f000 	C:\Archivos de programa\MATLAB\R2009a\sys\java\jre\win32\jre\bin\zip.dll
0x78fc0000 - 0x790ee000 	C:\Archivos de programa\MATLAB\R2009a\sys\java\jre\win32\jre\bin\awt.dll
0x78760000 - 0x78778000 	C:\Archivos de programa\MATLAB\R2009a\bin\win32\nativejava.dll
0x78780000 - 0x7879d000 	C:\Archivos de programa\MATLAB\R2009a\bin\win32\nativejmi.dll
0x7aed0000 - 0x7aed6000 	C:\Archivos de programa\MATLAB\R2009a\bin\win32\nativeservices.dll
0x799c0000 - 0x79a13000 	C:\Archivos de programa\MATLAB\R2009a\sys\java\jre\win32\jre\bin\fontmanager.dll
0x787e0000 - 0x787f3000 	C:\Archivos de programa\MATLAB\R2009a\sys\java\jre\win32\jre\bin\net.dll
0x79930000 - 0x79939000 	C:\Archivos de programa\MATLAB\R2009a\sys\java\jre\win32\jre\bin\nio.dll
0x0a500000 - 0x0a506000 	C:\Archivos de programa\MATLAB\R2009a\bin\win32\nativelmgr.dll
0x0a5a0000 - 0x0a5c4000 	C:\Archivos de programa\MATLAB\R2009a\sys\java\jre\win32\jre\bin\jpeg.dll
0x0a5d0000 - 0x0a760000 	C:\Archivos de programa\MATLAB\R2009a\bin\win32\instutil.dll
0x0a770000 - 0x0a7b0000 	C:\WINDOWS\System32\mswsock.dll
0x76ee0000 - 0x76f07000 	C:\WINDOWS\system32\DNSAPI.dll
0x76f70000 - 0x76f78000 	C:\WINDOWS\System32\winrnr.dll
0x76f20000 - 0x76f4d000 	C:\WINDOWS\system32\WLDAP32.dll
0x0a800000 - 0x0a825000 	C:\Archivos de programa\Bonjour\mdnsNSP.dll
0x76f80000 - 0x76f86000 	C:\WINDOWS\system32\rasadhlp.dll
0x77b10000 - 0x77b32000 	C:\WINDOWS\system32\appHelp.dll
0x49500000 - 0x498cb000 	C:\ARCHIV~1\MICROS~1\Office14\GROOVEEX.DLL
0x78520000 - 0x785c3000 	C:\WINDOWS\WinSxS\x86_Microsoft.VC90.CRT_1fc8b3b9a1e18e3b_9.0.30729.1_x-ww_6f74963e\MSVCR90.dll

VM Arguments:
jvm_args: -Xss512k -XX:PermSize=32m -Xms64m -XX:NewRatio=3 -XX:MaxPermSize=64m -Xmx128m -XX:MaxDirectMemorySize=1200000000 -Dsun.java2d.noddraw=true -Dsun.awt.nopixfmt=true -Xshare:off -Xrs -Djava.library.path=C:\Archivos de programa\MATLAB\R2009a\bin\win32 vfprintf abort 
java_command: <unknown>
Launcher Type: generic

Environment Variables:
CLASSPATH=.;C:\Archivos de programa\QuickTime\QTSystem\QTJava.zip,:C:\Archivos de programa\Java\jdk1.6.0_02\bin\javac.exe
PATH=C:\Archivos de programa\PC Connectivity Solution\;C:\WINDOWS\system32;C:\WINDOWS;C:\WINDOWS\System32\Wbem;C:\Archivos de programa\QuickTime\QTSystem\;C:\Borland\BCC55\Bin;C:\Archivos de programa\MATLAB\R2009a\bin;C:\Archivos de programa\MATLAB\R2009a\bin\win32;C:\Archivos de programa\Archivos comunes\Roxio Shared\10.0\DLLShared\;C:\Archivos de programa\Archivos comunes\Roxio Shared\DLLShared\;C:\Archivos de programa\Archivos comunes\Roxio Shared\DLLShared\;C:\Archivos de programa\Archivos comunes\Roxio Shared\10.0\DLLShared\;C:\Archivos de programa\Java\jdk1.6.0_02\bin;C:\Archivos de programa\ESTsoft\ALZip\;C:\Archivos de programa\ESTsoft\ALZip\
USERNAME=Administrador
OS=Windows_NT
PROCESSOR_IDENTIFIER=x86 Family 15 Model 2 Stepping 9, GenuineIntel



---------------  S Y S T E M  ---------------

OS: Windows XP Build 2600 Service Pack 3

CPU:total 2 (1 cores per cpu, 2 threads per core) family 15 model 2 stepping 9, cmov, cx8, fxsr, mmx, sse, sse2, ht

Memory: 4k page, physical 1048044k(250316k free), swap 2521220k(1808540k free)

vm_info: Java HotSpot(TM) Client VM (10.0-b19) for windows-x86 JRE (1.6.0_04-b12), built on Dec 14 2007 00:51:20 by "java_re" with MS VC++ 7.1

time: Thu Mar 04 11:34:17 2010
elapsed time: 1625 seconds

